21:55:52 INFO  : Registering command handlers for SDK TCF services
21:55:52 INFO  : Launching XSCT server: xsct.bat -interactive D:\Programlar\ZyboProjeler\Helloworld\Helloworld\Helloworld.sdk\temp_xsdb_launch_script.tcl
21:55:54 INFO  : XSCT server has started successfully.
21:55:54 INFO  : Successfully done setting XSCT server connection channel  
21:55:54 INFO  : Processing command line option -hwspec D:/Programlar/ZyboProjeler/Helloworld/Helloworld/Helloworld.sdk/merhaba_wrapper.hdf.
21:55:54 INFO  : Successfully done setting SDK workspace  
21:57:46 INFO  : 'targets -set -filter {jtag_cable_name =~ "Digilent Zybo Z7 210351A81A96A" && level==0} -index 1' command is executed.
21:57:46 INFO  : 'fpga -state' command is executed.
21:57:46 INFO  : Connected to target on host '127.0.0.1' and port '3121'.
21:57:47 INFO  : Jtag cable 'Digilent Zybo Z7 210351A81A96A' is selected.
21:57:47 INFO  : 'jtag frequency' command is executed.
21:57:47 INFO  : Sourcing of 'D:/Programlar/ZyboProjeler/Helloworld/Helloworld/Helloworld.sdk/merhaba_wrapper_hw_platform_0/ps7_init.tcl' is done.
21:57:47 INFO  : Context for 'APU' is selected.
21:57:47 INFO  : Hardware design information is loaded from 'D:/Programlar/ZyboProjeler/Helloworld/Helloworld/Helloworld.sdk/merhaba_wrapper_hw_platform_0/system.hdf'.
21:57:47 INFO  : 'configparams force-mem-access 1' command is executed.
21:57:47 INFO  : Context for 'APU' is selected.
21:57:47 INFO  : 'stop' command is executed.
21:57:47 INFO  : 'ps7_init' command is executed.
21:57:47 INFO  : 'ps7_post_config' command is executed.
21:57:47 INFO  : Context for processor 'ps7_cortexa9_0' is selected.
21:57:47 INFO  : Processor reset is completed for 'ps7_cortexa9_0'.
21:57:48 INFO  : Context for processor 'ps7_cortexa9_0' is selected.
21:57:48 INFO  : The application 'D:/Programlar/ZyboProjeler/Helloworld/Helloworld/Helloworld.sdk/Merhaba/Debug/Merhaba.elf' is downloaded to processor 'ps7_cortexa9_0'.
21:57:48 INFO  : 'configparams force-mem-access 0' command is executed.
21:57:48 INFO  : ----------------XSDB Script----------------
connect -url tcp:127.0.0.1:3121
source D:/Programlar/ZyboProjeler/Helloworld/Helloworld/Helloworld.sdk/merhaba_wrapper_hw_platform_0/ps7_init.tcl
targets -set -nocase -filter {name =~"APU*" && jtag_cable_name =~ "Digilent Zybo Z7 210351A81A96A"} -index 0
loadhw -hw D:/Programlar/ZyboProjeler/Helloworld/Helloworld/Helloworld.sdk/merhaba_wrapper_hw_platform_0/system.hdf -mem-ranges [list {0x40000000 0xbfffffff}]
configparams force-mem-access 1
targets -set -nocase -filter {name =~"APU*" && jtag_cable_name =~ "Digilent Zybo Z7 210351A81A96A"} -index 0
stop
ps7_init
ps7_post_config
targets -set -nocase -filter {name =~ "ARM*#0" && jtag_cable_name =~ "Digilent Zybo Z7 210351A81A96A"} -index 0
rst -processor
targets -set -nocase -filter {name =~ "ARM*#0" && jtag_cable_name =~ "Digilent Zybo Z7 210351A81A96A"} -index 0
dow D:/Programlar/ZyboProjeler/Helloworld/Helloworld/Helloworld.sdk/Merhaba/Debug/Merhaba.elf
configparams force-mem-access 0
----------------End of Script----------------

21:57:48 INFO  : Memory regions updated for context APU
21:57:48 INFO  : Context for processor 'ps7_cortexa9_0' is selected.
21:57:48 INFO  : 'con' command is executed.
21:57:48 INFO  : ----------------XSDB Script (After Launch)----------------
targets -set -nocase -filter {name =~ "ARM*#0" && jtag_cable_name =~ "Digilent Zybo Z7 210351A81A96A"} -index 0
con
----------------End of Script----------------

21:57:48 INFO  : Launch script is exported to file 'D:\Programlar\ZyboProjeler\Helloworld\Helloworld\Helloworld.sdk\.sdk\launch_scripts\xilinx_c-c++_application_(system_debugger)\system_debugger_using_debug_merhaba.elf_on_local.tcl'
21:58:16 INFO  : Connected to target on host '127.0.0.1' and port '3121'.
21:58:16 INFO  : 'targets -set -filter {jtag_cable_name =~ "Digilent Zybo Z7 210351A81A96A" && level==0} -index 1' command is executed.
21:58:18 INFO  : FPGA configured successfully with bitstream "D:/Programlar/ZyboProjeler/Helloworld/Helloworld/Helloworld.sdk/merhaba_wrapper_hw_platform_0/merhaba_wrapper.bit"
21:59:09 INFO  : Disconnected from the channel tcfchan#1.
